<?xml version="1.0" encoding="UTF-8"?>
<testng-results skipped="0" failed="0" ignored="0" total="1" passed="1">
  <reporter-output>
  </reporter-output>
  <suite name="Default suite" duration-ms="12603" started-at="2021-02-09T14:19:13Z" finished-at="2021-02-09T14:19:26Z">
    <groups>
    </groups>
    <test name="Default test" duration-ms="12603" started-at="2021-02-09T14:19:13Z" finished-at="2021-02-09T14:19:26Z">
      <class name="qaclickacademy.ExtentReportsDemo">
        <test-method status="PASS" signature="config()[pri:0, instance:qaclickacademy.ExtentReportsDemo@4dfa3a9d]" name="config" is-config="true" duration-ms="226" started-at="2021-02-09T19:49:13Z" finished-at="2021-02-09T19:49:14Z">
          <reporter-output>
          </reporter-output>
        </test-method> <!-- config -->
        <test-method status="PASS" signature="initialDemo()[pri:0, instance:qaclickacademy.ExtentReportsDemo@4dfa3a9d]" name="initialDemo" duration-ms="12363" started-at="2021-02-09T19:49:14Z" finished-at="2021-02-09T19:49:26Z">
          <reporter-output>
          </reporter-output>
        </test-method> <!-- initialDemo -->
      </class> <!-- qaclickacademy.ExtentReportsDemo -->
    </test> <!-- Default test -->
  </suite> <!-- Default suite -->
</testng-results>
